#
# There is insufficient memory for the Java Runtime Environment to continue.
# Native memory allocation (malloc) failed to allocate 140336 bytes for Chunk::new
# Possible reasons:
#   The system is out of physical RAM or swap space
#   The process is running with CompressedOops enabled, and the Java Heap may be blocking the growth of the native heap
# Possible solutions:
#   Reduce memory load on the system
#   Increase physical memory or swap space
#   Check if swap backing store is full
#   Decrease Java heap size (-Xmx/-Xms)
#   Decrease number of Java threads
#   Decrease Java thread stack sizes (-Xss)
#   Set larger code cache with -XX:ReservedCodeCacheSize=
#   JVM is running with Unscaled Compressed Oops mode in which the Java heap is
#     placed in the first 4GB address space. The Java Heap base address is the
#     maximum limit for the native heap growth. Please use -XX:HeapBaseMinAddress
#     to set the Java Heap base and to place the Java Heap above 4GB virtual address.
# This output file may be truncated or incomplete.
#
#  Out of Memory Error (./open/src/hotspot/share/memory/arena.cpp:197), pid=4452, tid=3344
#
# JRE version: Java(TM) SE Runtime Environment 18.9 (11.0.16.1+1) (build 11.0.16.1+1-LTS-1)
# Java VM: Java HotSpot(TM) 64-Bit Server VM 18.9 (11.0.16.1+1-LTS-1, mixed mode, tiered, compressed oops, g1 gc, windows-amd64)
# No core dump will be written. Minidumps are not enabled by default on client versions of Windows
#

---------------  S U M M A R Y ------------

Command Line: -ea -Dfile.encoding=UTF-8 org.testng.remote.RemoteTestNG -serport 57873 -protocol json -d C:\Users\USEr\eclipse-workspace\VenturaMobileAutomation\test-output C:\Users\USEr\eclipse-workspace\VenturaMobileAutomation\testng.xml

Host: Intel(R) Core(TM) i5-6300U CPU @ 2.40GHz, 4 cores, 7G,  Windows 10 , 64 bit Build 19041 (10.0.19041.1889)
Time: Tue Oct 18 15:33:45 2022 India Standard Time elapsed time: 34.546643 seconds (0d 0h 0m 34s)

---------------  T H R E A D  ---------------

Current thread (0x000001b5d98cd800):  JavaThread "C2 CompilerThread0" daemon [_thread_in_native, id=3344, stack(0x000000453fb00000,0x000000453fc00000)]


Current CompileTask:
C2:  34547 2604  s!   4       jdk.internal.loader.URLClassPath::getLoader (194 bytes)

Stack: [0x000000453fb00000,0x000000453fc00000]
Native frames: (J=compiled Java code, j=interpreted, Vv=VM code, C=native code)
V  [jvm.dll+0x62a3da]
V  [jvm.dll+0x76407f]
V  [jvm.dll+0x765729]
V  [jvm.dll+0x765db3]
V  [jvm.dll+0x23dc18]
V  [jvm.dll+0xb2a1c]
V  [jvm.dll+0xb2fdc]
V  [jvm.dll+0x341497]
V  [jvm.dll+0x18c8be]
V  [jvm.dll+0x1f8792]
V  [jvm.dll+0x1f786d]
V  [jvm.dll+0x177c81]
V  [jvm.dll+0x207186]
V  [jvm.dll+0x20531b]
V  [jvm.dll+0x729f60]
V  [jvm.dll+0x722b34]
V  [jvm.dll+0x629276]
C  [ucrtbase.dll+0x21bb2]
C  [KERNEL32.DLL+0x17034]
C  [ntdll.dll+0x526a1]


---------------  P R O C E S S  ---------------

Threads class SMR info:
_java_thread_list=0x000001b5db6ee980, length=16, elements={
0x000001b5ba290800, 0x000001b5d9882000, 0x000001b5d98af800, 0x000001b5da242800,
0x000001b5d98bf000, 0x000001b5d98c0000, 0x000001b5d98cd800, 0x000001b5d98d2800,
0x000001b5d98ee000, 0x000001b5da3c0800, 0x000001b5da9ca800, 0x000001b5daee1800,
0x000001b5dae7b800, 0x000001b5daf0e800, 0x000001b5da492000, 0x000001b5da493000
}

Java Threads: ( => current thread )
  0x000001b5ba290800 JavaThread "main" [_thread_in_Java, id=8768, stack(0x000000453ef00000,0x000000453f000000)]
  0x000001b5d9882000 JavaThread "Reference Handler" daemon [_thread_blocked, id=13472, stack(0x000000453f600000,0x000000453f700000)]
  0x000001b5d98af800 JavaThread "Finalizer" daemon [_thread_blocked, id=10380, stack(0x000000453f700000,0x000000453f800000)]
  0x000001b5da242800 JavaThread "Signal Dispatcher" daemon [_thread_blocked, id=11856, stack(0x000000453f800000,0x000000453f900000)]
  0x000001b5d98bf000 JavaThread "Attach Listener" daemon [_thread_blocked, id=2956, stack(0x000000453f900000,0x000000453fa00000)]
  0x000001b5d98c0000 JavaThread "Service Thread" daemon [_thread_blocked, id=2564, stack(0x000000453fa00000,0x000000453fb00000)]
=>0x000001b5d98cd800 JavaThread "C2 CompilerThread0" daemon [_thread_in_native, id=3344, stack(0x000000453fb00000,0x000000453fc00000)]
  0x000001b5d98d2800 JavaThread "C1 CompilerThread0" daemon [_thread_blocked, id=2092, stack(0x000000453fc00000,0x000000453fd00000)]
  0x000001b5d98ee000 JavaThread "Sweeper thread" daemon [_thread_blocked, id=12492, stack(0x000000453fd00000,0x000000453fe00000)]
  0x000001b5da3c0800 JavaThread "Common-Cleaner" daemon [_thread_blocked, id=13392, stack(0x000000453ff00000,0x0000004540000000)]
  0x000001b5da9ca800 JavaThread "ReaderThread" [_thread_in_native, id=7692, stack(0x0000004540100000,0x0000004540200000)]
  0x000001b5daee1800 JavaThread "ForkJoinPool.commonPool-worker-3" daemon [_thread_blocked, id=10980, stack(0x0000004540500000,0x0000004540600000)]
  0x000001b5dae7b800 JavaThread "ForkJoinPool.commonPool-worker-5" daemon [_thread_blocked, id=13808, stack(0x0000004540600000,0x0000004540700000)]
  0x000001b5daf0e800 JavaThread "ForkJoinPool.commonPool-worker-7" daemon [_thread_blocked, id=11240, stack(0x0000004540700000,0x0000004540800000)]
  0x000001b5da492000 JavaThread "OkHttp ConnectionPool" daemon [_thread_blocked, id=4336, stack(0x0000004540800000,0x0000004540900000)]
  0x000001b5da493000 JavaThread "Okio Watchdog" daemon [_thread_blocked, id=10748, stack(0x0000004540900000,0x0000004540a00000)]

Other Threads:
  0x000001b5d987f000 VMThread "VM Thread" [stack: 0x000000453f500000,0x000000453f600000] [id=14076]
  0x000001b5da3b8000 WatcherThread [stack: 0x000000453fe00000,0x000000453ff00000] [id=600]
  0x000001b5ba2a6800 GCTaskThread "GC Thread#0" [stack: 0x000000453f000000,0x000000453f100000] [id=12944]
  0x000001b5dada6000 GCTaskThread "GC Thread#1" [stack: 0x0000004540200000,0x0000004540300000] [id=9696]
  0x000001b5dada6800 GCTaskThread "GC Thread#2" [stack: 0x0000004540300000,0x0000004540400000] [id=7492]
  0x000001b5dada3000 GCTaskThread "GC Thread#3" [stack: 0x0000004540400000,0x0000004540500000] [id=11300]
  0x000001b5ba2d9800 ConcurrentGCThread "G1 Main Marker" [stack: 0x000000453f100000,0x000000453f200000] [id=10016]
  0x000001b5ba2df800 ConcurrentGCThread "G1 Conc#0" [stack: 0x000000453f200000,0x000000453f300000] [id=7960]
  0x000001b5ba36e000 ConcurrentGCThread "G1 Refine#0" [stack: 0x000000453f300000,0x000000453f400000] [id=9496]
  0x000001b5d96f0800 ConcurrentGCThread "G1 Young RemSet Sampling" [stack: 0x000000453f400000,0x000000453f500000] [id=9036]

Threads with active compile tasks:
C2 CompilerThread0    34639 2604  s!   4       jdk.internal.loader.URLClassPath::getLoader (194 bytes)

VM state:not at safepoint (normal execution)

VM Mutex/Monitor currently owned by a thread: None

Heap address: 0x0000000081e00000, size: 2018 MB, Compressed Oops mode: 32-bit
Narrow klass base: 0x0000000000000000, Narrow klass shift: 3
Compressed class space size: 1073741824 Address: 0x0000000100000000

Heap:
 garbage-first heap   total 131072K, used 54320K [0x0000000081e00000, 0x0000000100000000)
  region size 1024K, 49 young (50176K), 3 survivors (3072K)
 Metaspace       used 32124K, capacity 32934K, committed 33024K, reserved 1079296K
  class space    used 3704K, capacity 4027K, committed 4096K, reserved 1048576K
Heap Regions: E=young(eden), S=young(survivor), O=old, HS=humongous(starts), HC=humongous(continues), CS=collection set, F=free, A=archive, TAMS=top-at-mark-start (previous, next)
|   0|0x0000000081e00000, 0x0000000081f00000, 0x0000000081f00000|100%| O|  |TAMS 0x0000000081f00000, 0x0000000081e00000| Untracked 
|   1|0x0000000081f00000, 0x0000000082000000, 0x0000000082000000|100%| O|  |TAMS 0x0000000082000000, 0x0000000081f00000| Untracked 
|   2|0x0000000082000000, 0x0000000082100000, 0x0000000082100000|100%| O|  |TAMS 0x0000000082100000, 0x0000000082000000| Untracked 
|   3|0x0000000082100000, 0x0000000082200000, 0x0000000082200000|100%| O|  |TAMS 0x0000000082200000, 0x0000000082100000| Untracked 
|   4|0x0000000082200000, 0x0000000082300000, 0x0000000082300000|100%| O|  |TAMS 0x0000000082300000, 0x0000000082200000| Untracked 
|   5|0x0000000082300000, 0x0000000082399600, 0x0000000082400000| 59%| O|  |TAMS 0x0000000082399600, 0x0000000082300000| Untracked 
|   6|0x0000000082400000, 0x0000000082400000, 0x0000000082500000|  0%| F|  |TAMS 0x0000000082400000, 0x0000000082400000| Untracked 
|   7|0x0000000082500000, 0x0000000082500000, 0x0000000082600000|  0%| F|  |TAMS 0x0000000082500000, 0x0000000082500000| Untracked 
|   8|0x0000000082600000, 0x0000000082600000, 0x0000000082700000|  0%| F|  |TAMS 0x0000000082600000, 0x0000000082600000| Untracked 
|   9|0x0000000082700000, 0x0000000082700000, 0x0000000082800000|  0%| F|  |TAMS 0x0000000082700000, 0x0000000082700000| Untracked 
|  10|0x0000000082800000, 0x0000000082800000, 0x0000000082900000|  0%| F|  |TAMS 0x0000000082800000, 0x0000000082800000| Untracked 
|  11|0x0000000082900000, 0x0000000082900000, 0x0000000082a00000|  0%| F|  |TAMS 0x0000000082900000, 0x0000000082900000| Untracked 
|  12|0x0000000082a00000, 0x0000000082a00000, 0x0000000082b00000|  0%| F|  |TAMS 0x0000000082a00000, 0x0000000082a00000| Untracked 
|  13|0x0000000082b00000, 0x0000000082b00000, 0x0000000082c00000|  0%| F|  |TAMS 0x0000000082b00000, 0x0000000082b00000| Untracked 
|  14|0x0000000082c00000, 0x0000000082c00000, 0x0000000082d00000|  0%| F|  |TAMS 0x0000000082c00000, 0x0000000082c00000| Untracked 
|  15|0x0000000082d00000, 0x0000000082d00000, 0x0000000082e00000|  0%| F|  |TAMS 0x0000000082d00000, 0x0000000082d00000| Untracked 
|  16|0x0000000082e00000, 0x0000000082e00000, 0x0000000082f00000|  0%| F|  |TAMS 0x0000000082e00000, 0x0000000082e00000| Untracked 
|  17|0x0000000082f00000, 0x0000000082f00000, 0x0000000083000000|  0%| F|  |TAMS 0x0000000082f00000, 0x0000000082f00000| Untracked 
|  18|0x0000000083000000, 0x0000000083000000, 0x0000000083100000|  0%| F|  |TAMS 0x0000000083000000, 0x0000000083000000| Untracked 
|  19|0x0000000083100000, 0x0000000083100000, 0x0000000083200000|  0%| F|  |TAMS 0x0000000083100000, 0x0000000083100000| Untracked 
|  20|0x0000000083200000, 0x0000000083200000, 0x0000000083300000|  0%| F|  |TAMS 0x0000000083200000, 0x0000000083200000| Untracked 
|  21|0x0000000083300000, 0x0000000083300000, 0x0000000083400000|  0%| F|  |TAMS 0x0000000083300000, 0x0000000083300000| Untracked 
|  22|0x0000000083400000, 0x0000000083400000, 0x0000000083500000|  0%| F|  |TAMS 0x0000000083400000, 0x0000000083400000| Untracked 
|  23|0x0000000083500000, 0x0000000083500000, 0x0000000083600000|  0%| F|  |TAMS 0x0000000083500000, 0x0000000083500000| Untracked 
|  24|0x0000000083600000, 0x0000000083600000, 0x0000000083700000|  0%| F|  |TAMS 0x0000000083600000, 0x0000000083600000| Untracked 
|  25|0x0000000083700000, 0x0000000083700000, 0x0000000083800000|  0%| F|  |TAMS 0x0000000083700000, 0x0000000083700000| Untracked 
|  26|0x0000000083800000, 0x0000000083800000, 0x0000000083900000|  0%| F|  |TAMS 0x0000000083800000, 0x0000000083800000| Untracked 
|  27|0x0000000083900000, 0x0000000083900000, 0x0000000083a00000|  0%| F|  |TAMS 0x0000000083900000, 0x0000000083900000| Untracked 
|  28|0x0000000083a00000, 0x0000000083a00000, 0x0000000083b00000|  0%| F|  |TAMS 0x0000000083a00000, 0x0000000083a00000| Untracked 
|  29|0x0000000083b00000, 0x0000000083b00000, 0x0000000083c00000|  0%| F|  |TAMS 0x0000000083b00000, 0x0000000083b00000| Untracked 
|  30|0x0000000083c00000, 0x0000000083c00000, 0x0000000083d00000|  0%| F|  |TAMS 0x0000000083c00000, 0x0000000083c00000| Untracked 
|  31|0x0000000083d00000, 0x0000000083d00000, 0x0000000083e00000|  0%| F|  |TAMS 0x0000000083d00000, 0x0000000083d00000| Untracked 
|  32|0x0000000083e00000, 0x0000000083e00000, 0x0000000083f00000|  0%| F|  |TAMS 0x0000000083e00000, 0x0000000083e00000| Untracked 
|  33|0x0000000083f00000, 0x0000000083f00000, 0x0000000084000000|  0%| F|  |TAMS 0x0000000083f00000, 0x0000000083f00000| Untracked 
|  34|0x0000000084000000, 0x0000000084000000, 0x0000000084100000|  0%| F|  |TAMS 0x0000000084000000, 0x0000000084000000| Untracked 
|  35|0x0000000084100000, 0x0000000084100000, 0x0000000084200000|  0%| F|  |TAMS 0x0000000084100000, 0x0000000084100000| Untracked 
|  36|0x0000000084200000, 0x0000000084200000, 0x0000000084300000|  0%| F|  |TAMS 0x0000000084200000, 0x0000000084200000| Untracked 
|  37|0x0000000084300000, 0x0000000084300000, 0x0000000084400000|  0%| F|  |TAMS 0x0000000084300000, 0x0000000084300000| Untracked 
|  38|0x0000000084400000, 0x0000000084400000, 0x0000000084500000|  0%| F|  |TAMS 0x0000000084400000, 0x0000000084400000| Untracked 
|  39|0x0000000084500000, 0x0000000084500000, 0x0000000084600000|  0%| F|  |TAMS 0x0000000084500000, 0x0000000084500000| Untracked 
|  40|0x0000000084600000, 0x0000000084600000, 0x0000000084700000|  0%| F|  |TAMS 0x0000000084600000, 0x0000000084600000| Untracked 
|  41|0x0000000084700000, 0x0000000084700000, 0x0000000084800000|  0%| F|  |TAMS 0x0000000084700000, 0x0000000084700000| Untracked 
|  42|0x0000000084800000, 0x0000000084800000, 0x0000000084900000|  0%| F|  |TAMS 0x0000000084800000, 0x0000000084800000| Untracked 
|  43|0x0000000084900000, 0x0000000084900000, 0x0000000084a00000|  0%| F|  |TAMS 0x0000000084900000, 0x0000000084900000| Untracked 
|  44|0x0000000084a00000, 0x0000000084a00000, 0x0000000084b00000|  0%| F|  |TAMS 0x0000000084a00000, 0x0000000084a00000| Untracked 
|  45|0x0000000084b00000, 0x0000000084b00000, 0x0000000084c00000|  0%| F|  |TAMS 0x0000000084b00000, 0x0000000084b00000| Untracked 
|  46|0x0000000084c00000, 0x0000000084c00000, 0x0000000084d00000|  0%| F|  |TAMS 0x0000000084c00000, 0x0000000084c00000| Untracked 
|  47|0x0000000084d00000, 0x0000000084d00000, 0x0000000084e00000|  0%| F|  |TAMS 0x0000000084d00000, 0x0000000084d00000| Untracked 
|  48|0x0000000084e00000, 0x0000000084e00000, 0x0000000084f00000|  0%| F|  |TAMS 0x0000000084e00000, 0x0000000084e00000| Untracked 
|  49|0x0000000084f00000, 0x0000000084f00000, 0x0000000085000000|  0%| F|  |TAMS 0x0000000084f00000, 0x0000000084f00000| Untracked 
|  50|0x0000000085000000, 0x0000000085000000, 0x0000000085100000|  0%| F|  |TAMS 0x0000000085000000, 0x0000000085000000| Untracked 
|  51|0x0000000085100000, 0x0000000085100000, 0x0000000085200000|  0%| F|  |TAMS 0x0000000085100000, 0x0000000085100000| Untracked 
|  52|0x0000000085200000, 0x0000000085200000, 0x0000000085300000|  0%| F|  |TAMS 0x0000000085200000, 0x0000000085200000| Untracked 
|  53|0x0000000085300000, 0x0000000085300000, 0x0000000085400000|  0%| F|  |TAMS 0x0000000085300000, 0x0000000085300000| Untracked 
|  54|0x0000000085400000, 0x0000000085400000, 0x0000000085500000|  0%| F|  |TAMS 0x0000000085400000, 0x0000000085400000| Untracked 
|  55|0x0000000085500000, 0x0000000085500000, 0x0000000085600000|  0%| F|  |TAMS 0x0000000085500000, 0x0000000085500000| Untracked 
|  56|0x0000000085600000, 0x0000000085600000, 0x0000000085700000|  0%| F|  |TAMS 0x0000000085600000, 0x0000000085600000| Untracked 
|  57|0x0000000085700000, 0x0000000085700000, 0x0000000085800000|  0%| F|  |TAMS 0x0000000085700000, 0x0000000085700000| Untracked 
|  58|0x0000000085800000, 0x0000000085800000, 0x0000000085900000|  0%| F|  |TAMS 0x0000000085800000, 0x0000000085800000| Untracked 
|  59|0x0000000085900000, 0x0000000085900000, 0x0000000085a00000|  0%| F|  |TAMS 0x0000000085900000, 0x0000000085900000| Untracked 
|  60|0x0000000085a00000, 0x0000000085a00000, 0x0000000085b00000|  0%| F|  |TAMS 0x0000000085a00000, 0x0000000085a00000| Untracked 
|  61|0x0000000085b00000, 0x0000000085b00000, 0x0000000085c00000|  0%| F|  |TAMS 0x0000000085b00000, 0x0000000085b00000| Untracked 
|  62|0x0000000085c00000, 0x0000000085c00000, 0x0000000085d00000|  0%| F|  |TAMS 0x0000000085c00000, 0x0000000085c00000| Untracked 
|  63|0x0000000085d00000, 0x0000000085d00000, 0x0000000085e00000|  0%| F|  |TAMS 0x0000000085d00000, 0x0000000085d00000| Untracked 
|  64|0x0000000085e00000, 0x0000000085e00000, 0x0000000085f00000|  0%| F|  |TAMS 0x0000000085e00000, 0x0000000085e00000| Untracked 
|  65|0x0000000085f00000, 0x0000000085f00000, 0x0000000086000000|  0%| F|  |TAMS 0x0000000085f00000, 0x0000000085f00000| Untracked 
|  66|0x0000000086000000, 0x0000000086000000, 0x0000000086100000|  0%| F|  |TAMS 0x0000000086000000, 0x0000000086000000| Untracked 
|  67|0x0000000086100000, 0x0000000086100000, 0x0000000086200000|  0%| F|  |TAMS 0x0000000086100000, 0x0000000086100000| Untracked 
|  68|0x0000000086200000, 0x0000000086200000, 0x0000000086300000|  0%| F|  |TAMS 0x0000000086200000, 0x0000000086200000| Untracked 
|  69|0x0000000086300000, 0x0000000086300000, 0x0000000086400000|  0%| F|  |TAMS 0x0000000086300000, 0x0000000086300000| Untracked 
|  70|0x0000000086400000, 0x0000000086400000, 0x0000000086500000|  0%| F|  |TAMS 0x0000000086400000, 0x0000000086400000| Untracked 
|  71|0x0000000086500000, 0x0000000086500000, 0x0000000086600000|  0%| F|  |TAMS 0x0000000086500000, 0x0000000086500000| Untracked 
|  72|0x0000000086600000, 0x0000000086600000, 0x0000000086700000|  0%| F|  |TAMS 0x0000000086600000, 0x0000000086600000| Untracked 
|  73|0x0000000086700000, 0x0000000086700000, 0x0000000086800000|  0%| F|  |TAMS 0x0000000086700000, 0x0000000086700000| Untracked 
|  74|0x0000000086800000, 0x0000000086800000, 0x0000000086900000|  0%| F|  |TAMS 0x0000000086800000, 0x0000000086800000| Untracked 
|  75|0x0000000086900000, 0x0000000086900000, 0x0000000086a00000|  0%| F|  |TAMS 0x0000000086900000, 0x0000000086900000| Untracked 
|  76|0x0000000086a00000, 0x0000000086a00000, 0x0000000086b00000|  0%| F|  |TAMS 0x0000000086a00000, 0x0000000086a00000| Untracked 
|  77|0x0000000086b00000, 0x0000000086b00000, 0x0000000086c00000|  0%| F|  |TAMS 0x0000000086b00000, 0x0000000086b00000| Untracked 
|  78|0x0000000086c00000, 0x0000000086c00000, 0x0000000086d00000|  0%| F|  |TAMS 0x0000000086c00000, 0x0000000086c00000| Untracked 
|  79|0x0000000086d00000, 0x0000000086e00000, 0x0000000086e00000|100%| E|  |TAMS 0x0000000086d00000, 0x0000000086d00000| Complete 
|  80|0x0000000086e00000, 0x0000000086f00000, 0x0000000086f00000|100%| E|CS|TAMS 0x0000000086e00000, 0x0000000086e00000| Complete 
|  81|0x0000000086f00000, 0x0000000087000000, 0x0000000087000000|100%| E|CS|TAMS 0x0000000086f00000, 0x0000000086f00000| Complete 
|  82|0x0000000087000000, 0x0000000087100000, 0x0000000087100000|100%| E|CS|TAMS 0x0000000087000000, 0x0000000087000000| Complete 
|  83|0x0000000087100000, 0x0000000087200000, 0x0000000087200000|100%| E|CS|TAMS 0x0000000087100000, 0x0000000087100000| Complete 
|  84|0x0000000087200000, 0x0000000087300000, 0x0000000087300000|100%| E|CS|TAMS 0x0000000087200000, 0x0000000087200000| Complete 
|  85|0x0000000087300000, 0x0000000087400000, 0x0000000087400000|100%| E|CS|TAMS 0x0000000087300000, 0x0000000087300000| Complete 
|  86|0x0000000087400000, 0x0000000087500000, 0x0000000087500000|100%| E|CS|TAMS 0x0000000087400000, 0x0000000087400000| Complete 
|  87|0x0000000087500000, 0x0000000087600000, 0x0000000087600000|100%| E|CS|TAMS 0x0000000087500000, 0x0000000087500000| Complete 
|  88|0x0000000087600000, 0x0000000087700000, 0x0000000087700000|100%| E|CS|TAMS 0x0000000087600000, 0x0000000087600000| Complete 
|  89|0x0000000087700000, 0x0000000087800000, 0x0000000087800000|100%| E|CS|TAMS 0x0000000087700000, 0x0000000087700000| Complete 
|  90|0x0000000087800000, 0x0000000087900000, 0x0000000087900000|100%| E|CS|TAMS 0x0000000087800000, 0x0000000087800000| Complete 
|  91|0x0000000087900000, 0x0000000087a00000, 0x0000000087a00000|100%| E|CS|TAMS 0x0000000087900000, 0x0000000087900000| Complete 
|  92|0x0000000087a00000, 0x0000000087b00000, 0x0000000087b00000|100%| E|CS|TAMS 0x0000000087a00000, 0x0000000087a00000| Complete 
|  93|0x0000000087b00000, 0x0000000087c00000, 0x0000000087c00000|100%| E|CS|TAMS 0x0000000087b00000, 0x0000000087b00000| Complete 
|  94|0x0000000087c00000, 0x0000000087d00000, 0x0000000087d00000|100%| E|CS|TAMS 0x0000000087c00000, 0x0000000087c00000| Complete 
|  95|0x0000000087d00000, 0x0000000087e00000, 0x0000000087e00000|100%| E|CS|TAMS 0x0000000087d00000, 0x0000000087d00000| Complete 
|  96|0x0000000087e00000, 0x0000000087f00000, 0x0000000087f00000|100%| E|CS|TAMS 0x0000000087e00000, 0x0000000087e00000| Complete 
|  97|0x0000000087f00000, 0x0000000088000000, 0x0000000088000000|100%| E|CS|TAMS 0x0000000087f00000, 0x0000000087f00000| Complete 
|  98|0x0000000088000000, 0x0000000088100000, 0x0000000088100000|100%| E|CS|TAMS 0x0000000088000000, 0x0000000088000000| Complete 
|  99|0x0000000088100000, 0x0000000088200000, 0x0000000088200000|100%| E|CS|TAMS 0x0000000088100000, 0x0000000088100000| Complete 
| 100|0x0000000088200000, 0x0000000088300000, 0x0000000088300000|100%| E|CS|TAMS 0x0000000088200000, 0x0000000088200000| Complete 
| 101|0x0000000088300000, 0x0000000088400000, 0x0000000088400000|100%| E|CS|TAMS 0x0000000088300000, 0x0000000088300000| Complete 
| 102|0x0000000088400000, 0x0000000088500000, 0x0000000088500000|100%| E|CS|TAMS 0x0000000088400000, 0x0000000088400000| Complete 
| 103|0x0000000088500000, 0x0000000088600000, 0x0000000088600000|100%| E|CS|TAMS 0x0000000088500000, 0x0000000088500000| Complete 
| 104|0x0000000088600000, 0x0000000088700000, 0x0000000088700000|100%| E|CS|TAMS 0x0000000088600000, 0x0000000088600000| Complete 
| 105|0x0000000088700000, 0x0000000088800000, 0x0000000088800000|100%| E|CS|TAMS 0x0000000088700000, 0x0000000088700000| Complete 
| 106|0x0000000088800000, 0x0000000088900000, 0x0000000088900000|100%| E|CS|TAMS 0x0000000088800000, 0x0000000088800000| Complete 
| 107|0x0000000088900000, 0x0000000088a00000, 0x0000000088a00000|100%| E|CS|TAMS 0x0000000088900000, 0x0000000088900000| Complete 
| 108|0x0000000088a00000, 0x0000000088b00000, 0x0000000088b00000|100%| E|CS|TAMS 0x0000000088a00000, 0x0000000088a00000| Complete 
| 109|0x0000000088b00000, 0x0000000088c00000, 0x0000000088c00000|100%| E|CS|TAMS 0x0000000088b00000, 0x0000000088b00000| Complete 
| 110|0x0000000088c00000, 0x0000000088d00000, 0x0000000088d00000|100%| E|CS|TAMS 0x0000000088c00000, 0x0000000088c00000| Complete 
| 111|0x0000000088d00000, 0x0000000088e00000, 0x0000000088e00000|100%| E|CS|TAMS 0x0000000088d00000, 0x0000000088d00000| Complete 
| 112|0x0000000088e00000, 0x0000000088f00000, 0x0000000088f00000|100%| E|CS|TAMS 0x0000000088e00000, 0x0000000088e00000| Complete 
| 113|0x0000000088f00000, 0x0000000089000000, 0x0000000089000000|100%| E|CS|TAMS 0x0000000088f00000, 0x0000000088f00000| Complete 
| 114|0x0000000089000000, 0x0000000089100000, 0x0000000089100000|100%| E|CS|TAMS 0x0000000089000000, 0x0000000089000000| Complete 
| 115|0x0000000089100000, 0x0000000089200000, 0x0000000089200000|100%| E|CS|TAMS 0x0000000089100000, 0x0000000089100000| Complete 
| 116|0x0000000089200000, 0x0000000089300000, 0x0000000089300000|100%| E|CS|TAMS 0x0000000089200000, 0x0000000089200000| Complete 
| 117|0x0000000089300000, 0x0000000089372b60, 0x0000000089400000| 44%| S|CS|TAMS 0x0000000089300000, 0x0000000089300000| Complete 
| 118|0x0000000089400000, 0x0000000089500000, 0x0000000089500000|100%| S|CS|TAMS 0x0000000089400000, 0x0000000089400000| Complete 
| 119|0x0000000089500000, 0x0000000089600000, 0x0000000089600000|100%| S|CS|TAMS 0x0000000089500000, 0x0000000089500000| Complete 
| 120|0x0000000089600000, 0x0000000089700000, 0x0000000089700000|100%| E|CS|TAMS 0x0000000089600000, 0x0000000089600000| Complete 
| 121|0x0000000089700000, 0x0000000089800000, 0x0000000089800000|100%| E|CS|TAMS 0x0000000089700000, 0x0000000089700000| Complete 
| 122|0x0000000089800000, 0x0000000089900000, 0x0000000089900000|100%| E|CS|TAMS 0x0000000089800000, 0x0000000089800000| Complete 
| 123|0x0000000089900000, 0x0000000089a00000, 0x0000000089a00000|100%| E|CS|TAMS 0x0000000089900000, 0x0000000089900000| Complete 
| 124|0x0000000089a00000, 0x0000000089b00000, 0x0000000089b00000|100%| E|CS|TAMS 0x0000000089a00000, 0x0000000089a00000| Complete 
| 125|0x0000000089b00000, 0x0000000089c00000, 0x0000000089c00000|100%| E|CS|TAMS 0x0000000089b00000, 0x0000000089b00000| Complete 
| 126|0x0000000089c00000, 0x0000000089d00000, 0x0000000089d00000|100%| E|CS|TAMS 0x0000000089c00000, 0x0000000089c00000| Complete 
| 127|0x0000000089d00000, 0x0000000089e00000, 0x0000000089e00000|100%| E|CS|TAMS 0x0000000089d00000, 0x0000000089d00000| Complete 

Card table byte_map: [0x000001b5d2b40000,0x000001b5d2f40000] _byte_map_base: 0x000001b5d2731000

Marking Bits (Prev, Next): (CMBitMap*) 0x000001b5ba2d0c10, (CMBitMap*) 0x000001b5ba2d0bd8
 Prev Bits: [0x000001b5d52d0000, 0x000001b5d7258000)
 Next Bits: [0x000001b5d3340000, 0x000001b5d52c8000)

Polling page: 0x000001b5bbb20000

Metaspace:

Usage:
  Non-class:     28.23 MB capacity,    27.76 MB ( 98%) used,   389.41 KB (  1%) free+waste,    88.81 KB ( <1%) overhead. 
      Class:      3.93 MB capacity,     3.62 MB ( 92%) used,   276.88 KB (  7%) free+waste,    44.88 KB (  1%) overhead. 
       Both:     32.16 MB capacity,    31.38 MB ( 98%) used,   666.29 KB (  2%) free+waste,   133.69 KB ( <1%) overhead. 

Virtual space:
  Non-class space:       30.00 MB reserved,      28.25 MB ( 94%) committed 
      Class space:        1.00 GB reserved,       4.00 MB ( <1%) committed 
             Both:        1.03 GB reserved,      32.25 MB (  3%) committed 

Chunk freelists:
   Non-Class:  2.63 KB
       Class:  640 bytes
        Both:  3.25 KB

CodeHeap 'non-profiled nmethods': size=120064Kb used=993Kb max_used=993Kb free=119070Kb
 bounds [0x000001b5cabd0000, 0x000001b5cae40000, 0x000001b5d2110000]
CodeHeap 'profiled nmethods': size=120000Kb used=5278Kb max_used=5278Kb free=114721Kb
 bounds [0x000001b5c36a0000, 0x000001b5c3bd0000, 0x000001b5cabd0000]
CodeHeap 'non-nmethods': size=5696Kb used=1207Kb max_used=1218Kb free=4488Kb
 bounds [0x000001b5c3110000, 0x000001b5c3380000, 0x000001b5c36a0000]
 total_blobs=3189 nmethods=2615 adapters=485
 compilation: enabled
              stopped_count=0, restarted_count=0
 full_count=0

Compilation events (10 events):
Event: 34.529 Thread 0x000001b5d98d2800 nmethod 2610 0x000001b5c3baf090 code [0x000001b5c3baf280, 0x000001b5c3baf688]
Event: 34.529 Thread 0x000001b5d98d2800 2611       3       sun.util.locale.LanguageTag::parseLanguage (55 bytes)
Event: 34.529 Thread 0x000001b5d98d2800 nmethod 2611 0x000001b5c3baf890 code [0x000001b5c3bafa80, 0x000001b5c3bb00b8]
Event: 34.529 Thread 0x000001b5d98d2800 2612       3       sun.util.locale.LanguageTag::parseExtlangs (114 bytes)
Event: 34.530 Thread 0x000001b5d98d2800 nmethod 2612 0x000001b5c3bb0310 code [0x000001b5c3bb0560, 0x000001b5c3bb0fd8]
Event: 34.530 Thread 0x000001b5d98d2800 2613       3       sun.util.locale.LanguageTag::parseScript (55 bytes)
Event: 34.531 Thread 0x000001b5d98d2800 nmethod 2613 0x000001b5c3bb1310 code [0x000001b5c3bb1500, 0x000001b5c3bb1ad8]
Event: 34.531 Thread 0x000001b5d98d2800 2614       3       sun.util.locale.LanguageTag::parseRegion (55 bytes)
Event: 34.532 Thread 0x000001b5d98d2800 nmethod 2614 0x000001b5c3bb1d10 code [0x000001b5c3bb1ee0, 0x000001b5c3bb22b8]
Event: 34.532 Thread 0x000001b5d98d2800 2616       3       sun.util.locale.LanguageTag::parseExtensions (208 bytes)

GC Heap History (8 events):
Event: 2.104 GC heap before
{Heap before GC invocations=0 (full 0):
 garbage-first heap   total 131072K, used 13312K [0x0000000081e00000, 0x0000000100000000)
  region size 1024K, 14 young (14336K), 0 survivors (0K)
 Metaspace       used 11425K, capacity 11623K, committed 11776K, reserved 1060864K
  class space    used 1101K, capacity 1154K, committed 1280K, reserved 1048576K
}
Event: 2.121 GC heap after
{Heap after GC invocations=1 (full 0):
 garbage-first heap   total 131072K, used 5826K [0x0000000081e00000, 0x0000000100000000)
  region size 1024K, 2 young (2048K), 2 survivors (2048K)
 Metaspace       used 11425K, capacity 11623K, committed 11776K, reserved 1060864K
  class space    used 1101K, capacity 1154K, committed 1280K, reserved 1048576K
}
Event: 2.384 GC heap before
{Heap before GC invocations=1 (full 0):
 garbage-first heap   total 131072K, used 11970K [0x0000000081e00000, 0x0000000100000000)
  region size 1024K, 8 young (8192K), 2 survivors (2048K)
 Metaspace       used 13253K, capacity 13515K, committed 13696K, reserved 1060864K
  class space    used 1326K, capacity 1404K, committed 1408K, reserved 1048576K
}
Event: 2.389 GC heap after
{Heap after GC invocations=2 (full 0):
 garbage-first heap   total 131072K, used 6099K [0x0000000081e00000, 0x0000000100000000)
  region size 1024K, 1 young (1024K), 1 survivors (1024K)
 Metaspace       used 13253K, capacity 13515K, committed 13696K, reserved 1060864K
  class space    used 1326K, capacity 1404K, committed 1408K, reserved 1048576K
}
Event: 6.637 GC heap before
{Heap before GC invocations=2 (full 0):
 garbage-first heap   total 131072K, used 31699K [0x0000000081e00000, 0x0000000100000000)
  region size 1024K, 27 young (27648K), 1 survivors (1024K)
 Metaspace       used 19365K, capacity 19744K, committed 19968K, reserved 1067008K
  class space    used 2113K, capacity 2259K, committed 2304K, reserved 1048576K
}
Event: 6.644 GC heap after
{Heap after GC invocations=3 (full 0):
 garbage-first heap   total 131072K, used 7817K [0x0000000081e00000, 0x0000000100000000)
  region size 1024K, 3 young (3072K), 3 survivors (3072K)
 Metaspace       used 19365K, capacity 19744K, committed 19968K, reserved 1067008K
  class space    used 2113K, capacity 2259K, committed 2304K, reserved 1048576K
}
Event: 6.924 GC heap before
{Heap before GC invocations=3 (full 0):
 garbage-first heap   total 131072K, used 14985K [0x0000000081e00000, 0x0000000100000000)
  region size 1024K, 11 young (11264K), 3 survivors (3072K)
 Metaspace       used 20653K, capacity 21136K, committed 21248K, reserved 1069056K
  class space    used 2273K, capacity 2495K, committed 2560K, reserved 1048576K
}
Event: 6.931 GC heap after
{Heap after GC invocations=4 (full 0):
 garbage-first heap   total 131072K, used 8240K [0x0000000081e00000, 0x0000000100000000)
  region size 1024K, 3 young (3072K), 3 survivors (3072K)
 Metaspace       used 20653K, capacity 21136K, committed 21248K, reserved 1069056K
  class space    used 2273K, capacity 2495K, committed 2560K, reserved 1048576K
}

Deoptimization events (10 events):
Event: 7.939 Thread 0x000001b5ba290800 Uncommon trap: reason=unstable_if action=reinterpret pc=0x000001b5cac69c80 method=java.lang.CharacterDataLatin1.isWhitespace(I)Z @ 14 c2
Event: 7.950 Thread 0x000001b5ba290800 Uncommon trap: reason=unstable_if action=reinterpret pc=0x000001b5cac8b118 method=java.io.ByteArrayInputStream.read([BII)I @ 35 c2
Event: 7.957 Thread 0x000001b5ba290800 Uncommon trap: reason=unstable_if action=reinterpret pc=0x000001b5cac8e618 method=java.lang.StringUTF16.compress([CII)[B @ 13 c2
Event: 8.054 Thread 0x000001b5ba290800 Uncommon trap: reason=unstable_if action=reinterpret pc=0x000001b5cac50a4c method=jdk.internal.org.objectweb.asm.Type.getArgumentsAndReturnSizes(Ljava/lang/String;)I @ 41 c2
Event: 34.134 Thread 0x000001b5ba290800 Uncommon trap: reason=bimorphic_or_optimized_type_check action=maybe_recompile pc=0x000001b5caca7f54 method=java.util.regex.Pattern$Start.match(Ljava/util/regex/Matcher;ILjava/lang/CharSequence;)Z @ 44 c2
Event: 34.135 Thread 0x000001b5ba290800 Uncommon trap: reason=bimorphic_or_optimized_type_check action=maybe_recompile pc=0x000001b5caca7f54 method=java.util.regex.Pattern$Start.match(Ljava/util/regex/Matcher;ILjava/lang/CharSequence;)Z @ 44 c2
Event: 34.135 Thread 0x000001b5ba290800 Uncommon trap: reason=bimorphic_or_optimized_type_check action=maybe_recompile pc=0x000001b5caca7f54 method=java.util.regex.Pattern$Start.match(Ljava/util/regex/Matcher;ILjava/lang/CharSequence;)Z @ 44 c2
Event: 34.135 Thread 0x000001b5ba290800 Uncommon trap: reason=bimorphic_or_optimized_type_check action=maybe_recompile pc=0x000001b5caca7f54 method=java.util.regex.Pattern$Start.match(Ljava/util/regex/Matcher;ILjava/lang/CharSequence;)Z @ 44 c2
Event: 34.163 Thread 0x000001b5ba290800 Uncommon trap: reason=class_check action=maybe_recompile pc=0x000001b5cac8d210 method=java.util.concurrent.ConcurrentHashMap.putVal(Ljava/lang/Object;Ljava/lang/Object;Z)Ljava/lang/Object; @ 242 c2
Event: 34.191 Thread 0x000001b5ba290800 Uncommon trap: reason=unstable_if action=reinterpret pc=0x000001b5cabe1660 method=java.lang.StringCoding.hasNegatives([BII)Z @ 12 c2

Classes redefined (0 events):
No events

Internal exceptions (10 events):
Event: 8.058 Thread 0x000001b5ba290800 Exception <a 'java/lang/NoSuchMethodError'{0x0000000088a29fa0}: java.lang.invoke.DirectMethodHandle$Holder.invokeVirtual(Ljava/lang/Object;Ljava/lang/Object;)J> (0x0000000088a29fa0) thrown at [./open/src/hotspot/share/interpreter/linkResolver.cpp, line 77
Event: 8.068 Thread 0x000001b5ba290800 Exception <a 'java/lang/NoSuchMethodError'{0x0000000088a570b8}: java.lang.invoke.DirectMethodHandle$Holder.invokeVirtual(Ljava/lang/Object;Ljava/lang/Object;Ljava/lang/Object;)Ljava/lang/Object;> (0x0000000088a570b8) thrown at [./open/src/hotspot/share/in
Event: 8.098 Thread 0x000001b5ba290800 Exception <a 'java/lang/NoSuchMethodError'{0x0000000088ac9468}: java.lang.invoke.DirectMethodHandle$Holder.invokeSpecial(Ljava/lang/Object;Ljava/lang/Object;Ljava/lang/Object;Ljava/lang/Object;)V> (0x0000000088ac9468) thrown at [./open/src/hotspot/share/i
Event: 24.044 Thread 0x000001b5ba290800 Exception <a 'java/lang/NoSuchMethodError'{0x0000000088028308}: java.lang.invoke.DirectMethodHandle$Holder.invokeSpecialIFC(Ljava/lang/Object;Ljava/lang/Object;Ljava/lang/Object;)Ljava/lang/Object;> (0x0000000088028308) thrown at [./open/src/hotspot/share
Event: 24.327 Thread 0x000001b5ba290800 Exception <a 'java/lang/ClassNotFoundException'{0x00000000880b3ae0}: sun/util/logging/resources/spi/loggingProvider> (0x00000000880b3ae0) thrown at [./open/src/hotspot/share/classfile/systemDictionary.cpp, line 226]
Event: 24.661 Thread 0x000001b5ba290800 Exception <a 'java/lang/NoSuchMethodError'{0x0000000087f2fde0}: java.lang.invoke.DirectMethodHandle$Holder.invokeVirtual(Ljava/lang/Object;Ljava/lang/Object;Ljava/lang/Object;Ljava/lang/Object;)V> (0x0000000087f2fde0) thrown at [./open/src/hotspot/share/i
Event: 25.824 Thread 0x000001b5ba290800 Exception <a 'java/lang/NoSuchMethodError'{0x0000000087e0cd48}: java.lang.invoke.DirectMethodHandle$Holder.invokeInterface(Ljava/lang/Object;Ljava/lang/Object;)V> (0x0000000087e0cd48) thrown at [./open/src/hotspot/share/interpreter/linkResolver.cpp, line 
Event: 25.938 Thread 0x000001b5ba290800 Exception <a 'java/net/SocketTimeoutException'{0x0000000087e40c30}: Read timed out> (0x0000000087e40c30) thrown at [./open/src/hotspot/share/prims/jni.cpp, line 632]
Event: 26.804 Thread 0x000001b5ba290800 Exception <a 'java/net/SocketTimeoutException'{0x0000000087e56da8}: Read timed out> (0x0000000087e56da8) thrown at [./open/src/hotspot/share/prims/jni.cpp, line 632]
Event: 31.831 Thread 0x000001b5ba290800 Exception <a 'java/net/SocketTimeoutException'{0x0000000087ed6bf8}: Read timed out> (0x0000000087ed6bf8) thrown at [./open/src/hotspot/share/prims/jni.cpp, line 632]

Events (10 events):
Event: 34.499 loading class freemarker/core/JavaScriptOutputFormat
Event: 34.499 loading class freemarker/core/JavaScriptOutputFormat done
Event: 34.501 loading class freemarker/core/JSONOutputFormat
Event: 34.501 loading class freemarker/core/JSONOutputFormat done
Event: 34.501 loading class freemarker/template/Version
Event: 34.501 loading class freemarker/template/Version done
Event: 34.503 loading class freemarker/template/utility/ClassUtil
Event: 34.503 loading class freemarker/template/utility/ClassUtil done
Event: 34.505 loading class freemarker/template/utility/ClassUtil$MaybeZipFileClosedException
Event: 34.505 loading class freemarker/template/utility/ClassUtil$MaybeZipFileClosedException done


Dynamic libraries:
0x00007ff7d0140000 - 0x00007ff7d014f000 	C:\Program Files\Java\jdk-11.0.16.1\bin\javaw.exe
0x00007ffcab8d0000 - 0x00007ffcabac8000 	C:\Windows\SYSTEM32\ntdll.dll
0x00007ffcab2b0000 - 0x00007ffcab36d000 	C:\Windows\System32\KERNEL32.DLL
0x00007ffca9480000 - 0x00007ffca9752000 	C:\Windows\System32\KERNELBASE.dll
0x00007ffca8fe0000 - 0x00007ffca90e0000 	C:\Windows\System32\ucrtbase.dll
0x00007ffc8e510000 - 0x00007ffc8e525000 	C:\Program Files\Java\jdk-11.0.16.1\bin\VCRUNTIME140.dll
0x00007ffc915f0000 - 0x00007ffc91608000 	C:\Program Files\Java\jdk-11.0.16.1\bin\jli.dll
0x00007ffcaaa30000 - 0x00007ffcaaade000 	C:\Windows\System32\ADVAPI32.dll
0x00007ffcaa2e0000 - 0x00007ffcaa37e000 	C:\Windows\System32\msvcrt.dll
0x00007ffcab7f0000 - 0x00007ffcab88c000 	C:\Windows\System32\sechost.dll
0x00007ffcaa510000 - 0x00007ffcaa635000 	C:\Windows\System32\RPCRT4.dll
0x00007ffca0290000 - 0x00007ffca052a000 	C:\Windows\WinSxS\amd64_microsoft.windows.common-controls_6595b64144ccf1df_6.0.19041.1110_none_60b5254171f9507e\COMCTL32.dll
0x00007ffcab5d0000 - 0x00007ffcab76d000 	C:\Windows\System32\USER32.dll
0x00007ffca9a70000 - 0x00007ffca9a9b000 	C:\Windows\System32\GDI32.dll
0x00007ffca9130000 - 0x00007ffca9152000 	C:\Windows\System32\win32u.dll
0x00007ffca9760000 - 0x00007ffca986f000 	C:\Windows\System32\gdi32full.dll
0x00007ffca9160000 - 0x00007ffca91fd000 	C:\Windows\System32\msvcp_win.dll
0x00007ffc9d9b0000 - 0x00007ffc9d9ba000 	C:\Windows\SYSTEM32\VERSION.dll
0x00007ffca9a40000 - 0x00007ffca9a70000 	C:\Windows\System32\IMM32.DLL
0x00007ffc73bf0000 - 0x00007ffc73c8b000 	C:\Program Files\Java\jdk-11.0.16.1\bin\msvcp140.dll
0x00007ffc1a790000 - 0x00007ffc1b2a8000 	C:\Program Files\Java\jdk-11.0.16.1\bin\server\jvm.dll
0x00007ffcaa2d0000 - 0x00007ffcaa2d8000 	C:\Windows\System32\PSAPI.DLL
0x00007ffc933f0000 - 0x00007ffc93417000 	C:\Windows\SYSTEM32\WINMM.dll
0x00007ffc9e760000 - 0x00007ffc9e769000 	C:\Windows\SYSTEM32\WSOCK32.dll
0x00007ffcab090000 - 0x00007ffcab0fb000 	C:\Windows\System32\WS2_32.dll
0x00007ffca7880000 - 0x00007ffca7892000 	C:\Windows\SYSTEM32\kernel.appcore.dll
0x00007ffc910e0000 - 0x00007ffc910f0000 	C:\Program Files\Java\jdk-11.0.16.1\bin\verify.dll
0x00007ffca6e70000 - 0x00007ffca7054000 	C:\Windows\SYSTEM32\DBGHELP.DLL
0x00007ffc9e410000 - 0x00007ffc9e43c000 	C:\Windows\SYSTEM32\dbgcore.DLL
0x00007ffca98a0000 - 0x00007ffca9922000 	C:\Windows\System32\bcryptPrimitives.dll
0x00007ffc891f0000 - 0x00007ffc89218000 	C:\Program Files\Java\jdk-11.0.16.1\bin\java.dll
0x00007ffc8e500000 - 0x00007ffc8e50a000 	C:\Program Files\Java\jdk-11.0.16.1\bin\jimage.dll
0x00007ffc891d0000 - 0x00007ffc891e6000 	C:\Program Files\Java\jdk-11.0.16.1\bin\zip.dll
0x00007ffca9b20000 - 0x00007ffcaa263000 	C:\Windows\System32\SHELL32.dll
0x00007ffca7060000 - 0x00007ffca77f1000 	C:\Windows\SYSTEM32\windows.storage.dll
0x00007ffcaa6d0000 - 0x00007ffcaaa24000 	C:\Windows\System32\combase.dll
0x00007ffca8960000 - 0x00007ffca8990000 	C:\Windows\SYSTEM32\Wldp.dll
0x00007ffca9930000 - 0x00007ffca99dd000 	C:\Windows\System32\SHCORE.dll
0x00007ffca99e0000 - 0x00007ffca9a35000 	C:\Windows\System32\shlwapi.dll
0x00007ffca8f20000 - 0x00007ffca8f3f000 	C:\Windows\SYSTEM32\profapi.dll
0x00007ffc891b0000 - 0x00007ffc891c9000 	C:\Program Files\Java\jdk-11.0.16.1\bin\net.dll
0x00007ffc9bbc0000 - 0x00007ffc9bccd000 	C:\Windows\SYSTEM32\WINHTTP.dll
0x00007ffca86c0000 - 0x00007ffca872a000 	C:\Windows\system32\mswsock.dll
0x00007ffc87390000 - 0x00007ffc873a2000 	C:\Program Files\Java\jdk-11.0.16.1\bin\nio.dll
0x00007ffca83f0000 - 0x00007ffca84ba000 	C:\Windows\SYSTEM32\DNSAPI.dll
0x00007ffca83b0000 - 0x00007ffca83eb000 	C:\Windows\SYSTEM32\IPHLPAPI.DLL
0x00007ffcaa3e0000 - 0x00007ffcaa3e8000 	C:\Windows\System32\NSI.dll
0x00007ffc9bba0000 - 0x00007ffc9bbaa000 	C:\Windows\System32\rasadhlp.dll
0x00007ffc9bdd0000 - 0x00007ffc9be50000 	C:\Windows\System32\fwpuclnt.dll
0x00007ffca9870000 - 0x00007ffca9897000 	C:\Windows\System32\bcrypt.dll
0x00007ffca88b0000 - 0x00007ffca88c8000 	C:\Windows\SYSTEM32\CRYPTSP.dll
0x00007ffca7fe0000 - 0x00007ffca8014000 	C:\Windows\system32\rsaenh.dll
0x00007ffca8ee0000 - 0x00007ffca8f0e000 	C:\Windows\SYSTEM32\USERENV.dll
0x00007ffca88d0000 - 0x00007ffca88dc000 	C:\Windows\SYSTEM32\CRYPTBASE.dll
0x00007ffc9c7b0000 - 0x00007ffc9c7c7000 	C:\Windows\SYSTEM32\dhcpcsvc6.DLL
0x00007ffc9ccd0000 - 0x00007ffc9cced000 	C:\Windows\SYSTEM32\dhcpcsvc.DLL
0x00007ffc8e4f0000 - 0x00007ffc8e4f9000 	C:\Program Files\Java\jdk-11.0.16.1\bin\management.dll
0x00007ffc8b2b0000 - 0x00007ffc8b2bb000 	C:\Program Files\Java\jdk-11.0.16.1\bin\management_ext.dll
0x00007ffc32be0000 - 0x00007ffc32bf7000 	C:\Windows\system32\napinsp.dll
0x00007ffc316e0000 - 0x00007ffc316fb000 	C:\Windows\system32\pnrpnsp.dll
0x00007ffca0940000 - 0x00007ffca0955000 	C:\Windows\system32\wshbth.dll
0x00007ffc9e550000 - 0x00007ffc9e56d000 	C:\Windows\system32\NLAapi.dll
0x00007ffc31690000 - 0x00007ffc316a2000 	C:\Windows\System32\winrnr.dll
0x00007ffc87360000 - 0x00007ffc87385000 	C:\Program Files\Java\jdk-11.0.16.1\bin\sunec.dll
0x00007ffc865a0000 - 0x00007ffc865ad000 	C:\Program Files\Java\jdk-11.0.16.1\bin\sunmscapi.dll
0x00007ffca9270000 - 0x00007ffca93c6000 	C:\Windows\System32\CRYPT32.dll
0x00007ffca89d0000 - 0x00007ffca89f7000 	C:\Windows\SYSTEM32\ncrypt.dll
0x00007ffca8990000 - 0x00007ffca89cb000 	C:\Windows\SYSTEM32\NTASN1.dll

dbghelp: loaded successfully - version: 4.0.5 - missing functions: none
symbol engine: initialized successfully - sym options: 0x614 - pdb path: .;C:\Program Files\Java\jdk-11.0.16.1\bin;C:\Windows\SYSTEM32;C:\Windows\WinSxS\amd64_microsoft.windows.common-controls_6595b64144ccf1df_6.0.19041.1110_none_60b5254171f9507e;C:\Program Files\Java\jdk-11.0.16.1\bin\server

VM Arguments:
jvm_args: -ea -Dfile.encoding=UTF-8 
java_command: org.testng.remote.RemoteTestNG -serport 57873 -protocol json -d C:\Users\USEr\eclipse-workspace\VenturaMobileAutomation\test-output C:\Users\USEr\eclipse-workspace\VenturaMobileAutomation\testng.xml
java_class_path (initial): C:\Users\USEr\eclipse\java-2022-09\eclipse\configuration\org.eclipse.osgi\440\0\.cp\lib\testng-remote.jar;C:\Users\USEr\eclipse-workspace\VenturaMobileAutomation\target\test-classes;C:\Users\USEr\eclipse-workspace\VenturaMobileAutomation\target\classes;C:\Users\USEr\.m2\repository\io\appium\java-client\7.6.0\java-client-7.6.0.jar;C:\Users\USEr\.m2\repository\org\seleniumhq\selenium\selenium-java\3.141.59\selenium-java-3.141.59.jar;C:\Users\USEr\.m2\repository\org\seleniumhq\selenium\selenium-chrome-driver\3.141.59\selenium-chrome-driver-3.141.59.jar;C:\Users\USEr\.m2\repository\org\seleniumhq\selenium\selenium-edge-driver\3.141.59\selenium-edge-driver-3.141.59.jar;C:\Users\USEr\.m2\repository\org\seleniumhq\selenium\selenium-firefox-driver\3.141.59\selenium-firefox-driver-3.141.59.jar;C:\Users\USEr\.m2\repository\org\seleniumhq\selenium\selenium-ie-driver\3.141.59\selenium-ie-driver-3.141.59.jar;C:\Users\USEr\.m2\repository\org\seleniumhq\selenium\selenium-opera-driver\3.141.59\selenium-opera-driver-3.141.59.jar;C:\Users\USEr\.m2\repository\org\seleniumhq\selenium\selenium-remote-driver\3.141.59\selenium-remote-driver-3.141.59.jar;C:\Users\USEr\.m2\repository\org\seleniumhq\selenium\selenium-safari-driver\3.141.59\selenium-safari-driver-3.141.59.jar;C:\Users\USEr\.m2\repository\net\bytebuddy\byte-buddy\1.8.15\byte-buddy-1.8.15.jar;C:\Users\USEr\.m2\repository\org\apache\commons\commons-exec\1.3\commons-exec-1.3.jar;C:\Users\USEr\.m2\repository\com\google\guava\guava\25.0-jre\guava-25.0-jre.jar;C:\Users\USEr\.m2\repository\com\google\code\findbugs\jsr305\1.3.9\jsr305-1.3.9.jar;C:\Users\USEr\.m2\repository\org\checkerframework\checker-compat-qual\2.0.0\checker-compat-qual-2.0.0.jar;C:\Users\USEr\.m2\repository\com\google\errorprone\error_prone_annotations\2.1.3\error_prone_annotations-2.1.3.jar;C:\Users\USEr\.m2\repository\com\google\j2objc\j2objc-annotations\1.1\j2objc-annotations-1.1.jar;C:\Users\USEr\.m2\repository\org\codehaus\mojo\ani
Launcher Type: SUN_STANDARD

[Global flags]
     intx CICompilerCount                          = 3                                         {product} {ergonomic}
     uint ConcGCThreads                            = 1                                         {product} {ergonomic}
     uint G1ConcRefinementThreads                  = 4                                         {product} {ergonomic}
   size_t G1HeapRegionSize                         = 1048576                                   {product} {ergonomic}
    uintx GCDrainStackTargetSize                   = 64                                        {product} {ergonomic}
   size_t InitialHeapSize                          = 134217728                                 {product} {ergonomic}
   size_t MarkStackSize                            = 4194304                                   {product} {ergonomic}
   size_t MaxHeapSize                              = 2116026368                                {product} {ergonomic}
   size_t MaxNewSize                               = 1268776960                                {product} {ergonomic}
   size_t MinHeapDeltaBytes                        = 1048576                                   {product} {ergonomic}
    uintx NonNMethodCodeHeapSize                   = 5830732                                {pd product} {ergonomic}
    uintx NonProfiledCodeHeapSize                  = 122913754                              {pd product} {ergonomic}
    uintx ProfiledCodeHeapSize                     = 122913754                              {pd product} {ergonomic}
    uintx ReservedCodeCacheSize                    = 251658240                              {pd product} {ergonomic}
     bool SegmentedCodeCache                       = true                                      {product} {ergonomic}
     bool UseCompressedClassPointers               = true                                 {lp64_product} {ergonomic}
     bool UseCompressedOops                        = true                                 {lp64_product} {ergonomic}
     bool UseG1GC                                  = true                                      {product} {ergonomic}
     bool UseLargePagesIndividualAllocation        = false                                  {pd product} {ergonomic}

Logging:
Log output configuration:
 #0: stdout all=warning uptime,level,tags
 #1: stderr all=off uptime,level,tags

Environment Variables:
JAVA_HOME=C:\Program Files\Java\jdk-11.0.16.1
PATH=C:/Users/USEr/.p2/pool/plugins/org.eclipse.justj.openjdk.hotspot.jre.full.win32.x86_64_17.0.4.v20220903-1038/jre/bin/server;C:/Users/USEr/.p2/pool/plugins/org.eclipse.justj.openjdk.hotspot.jre.full.win32.x86_64_17.0.4.v20220903-1038/jre/bin;C:\Program Files\Common Files\Oracle\Java\javapath;C:\Windows\system32;C:\Windows;C:\Windows\System32\Wbem;C:\Windows\System32\WindowsPowerShell\v1.0\;C:\Windows\System32\OpenSSH\;C:\Program Files (x86)\Intel\Intel(R) Management Engine Components\DAL;C:\Program Files\Intel\Intel(R) Management Engine Components\DAL;C:\Program Files\nodejs\;C:\ProgramData\chocolatey\bin;C:\Users\USEr\Desktop\Eclipse Workspace\Jars\apache-maven-3.8.6\bin;C:\Users\USEr\Desktop\Eclipse Workspace\Jars\apache-maven-3.8.6\bin;C:\Users\USEr\Desktop\Eclipse Workspace\Jars\apache-maven-3.8.6\bin;C:\Program Files\Git\cmd;C:\Users\USEr\AppData\Local\Android\Sdk\build-tools;C:\Users\USEr\AppData\Local\Android\Sdk\platforms;C:\Users\USEr\AppData\Local\Android\Sdk\platform-tools;C:\Program Files\Android\Android Studio;C:\Program Files\Android\Android Studio\bin;C:\Program Files\Java\jdk-11.0.16.1\bin;C:\Program Files\Java\jdk-11.0.16.1\lib;C:\Users\USEr\AppData\Local\Microsoft\WindowsApps;C:\Program Files\JetBrains\IntelliJ IDEA Community Edition 2022.2.2\bin;;C:\Users\USEr\AppData\Roaming\npm;C:\Users\USEr\AppData\Local\GitHubDesktop\bin;C:\Users\USEr\Desktop;
USERNAME=USEr
OS=Windows_NT
PROCESSOR_IDENTIFIER=Intel64 Family 6 Model 78 Stepping 3, GenuineIntel



---------------  S Y S T E M  ---------------

OS: Windows 10 , 64 bit Build 19041 (10.0.19041.1889)

CPU:total 4 (initial active 4) (2 cores per cpu, 2 threads per core) family 6 model 78 stepping 3 microcode 0xea, cmov, cx8, fxsr, mmx, sse, sse2, sse3, ssse3, sse4.1, sse4.2, popcnt, avx, avx2, aes, clmul, erms, rtm, 3dnowpref, lzcnt, ht, tsc, tscinvbit, bmi1, bmi2, adx, fma

Memory: 4k page, system-wide physical 8071M (97M free)
TotalPageFile size 20868M (AvailPageFile size 2M)
current process WorkingSet (physical memory assigned to process): 80M, peak: 125M
current process commit charge ("private bytes"): 247M, peak: 251M

vm_info: Java HotSpot(TM) 64-Bit Server VM (11.0.16.1+1-LTS-1) for windows-amd64 JRE (11.0.16.1+1-LTS-1), built on Aug 16 2022 01:46:01 by "mach5one" with MS VC++ 15.9 (VS2017)

END.
